<?xml version="1.0" encoding="UTF-8"?>
<testng-results ignored="0" total="1" passed="1" failed="0" skipped="0">
  <reporter-output>
  </reporter-output>
  <suite started-at="2023-07-02T10:04:43 BST" name="OpenCartSuite" finished-at="2023-07-02T10:04:53 BST" duration-ms="10281">
    <groups>
      <group name="Master">
        <method signature="TC_002_LoginTest.login()[pri:0, instance:testCases.TC_002_LoginTest@4efbca5a]" name="login" class="testCases.TC_002_LoginTest"/>
      </group> <!-- Master -->
      <group name="Sanity">
        <method signature="TC_002_LoginTest.login()[pri:0, instance:testCases.TC_002_LoginTest@4efbca5a]" name="login" class="testCases.TC_002_LoginTest"/>
      </group> <!-- Sanity -->
    </groups>
    <test started-at="2023-07-02T10:04:43 BST" name="OpenCartTest" finished-at="2023-07-02T10:04:53 BST" duration-ms="10281">
      <class name="testCases.TC_002_LoginTest">
        <test-method is-config="true" signature="setup(java.lang.String)[pri:0, instance:testCases.TC_002_LoginTest@4efbca5a]" started-at="2023-07-02T10:04:43 BST" name="setup" finished-at="2023-07-02T10:04:51 BST" duration-ms="7735" status="PASS">
          <params>
            <param index="0">
              <value>
                <![CDATA[edge]]>
              </value>
            </param>
          </params>
          <reporter-output>
          </reporter-output>
        </test-method> <!-- setup -->
        <test-method signature="login()[pri:0, instance:testCases.TC_002_LoginTest@4efbca5a]" started-at="2023-07-02T10:04:51 BST" name="login" finished-at="2023-07-02T10:04:53 BST" duration-ms="1846" status="PASS">
          <reporter-output>
          </reporter-output>
        </test-method> <!-- login -->
        <test-method is-config="true" signature="tearDown()[pri:0, instance:testCases.TC_002_LoginTest@4efbca5a]" started-at="2023-07-02T10:04:53 BST" name="tearDown" finished-at="2023-07-02T10:04:53 BST" duration-ms="345" status="PASS">
          <reporter-output>
          </reporter-output>
        </test-method> <!-- tearDown -->
      </class> <!-- testCases.TC_002_LoginTest -->
    </test> <!-- OpenCartTest -->
  </suite> <!-- OpenCartSuite -->
</testng-results>
