<?xml version="1.0" encoding="UTF-8"?>
<!-- Generated by org.testng.reporters.JUnitXMLReporter -->
<testsuite ignored="1" hostname="Paulson" failures="0" tests="1" name="OpenCartTest" time="20.817" errors="0" timestamp="2023-07-01T22:34:33 BST">
  <testcase classname="testCases.TC_001_AccountRegistrationTest" name="test_account_Registration" time="6.22"/>
  <testcase classname="testCases.TC_002_LoginTest" name="login" time="0.0">
    <ignored/>
  </testcase> <!-- login -->
</testsuite> <!-- OpenCartTest -->
